CRITICAL - 2022-08-05 07:13:02 --> Trying to access array offset on value of type null
#0 C:\Users\vinic\Documents\facul\Engenharia de Software\MusicAlly\app\Controllers\Musica.php(11): CodeIgniter\Debug\Exceptions->errorHandler(8, 'Trying to acces...', 'C:\\Users\\vinic\\...', 11, Array)
#1 C:\Users\vinic\Documents\facul\Engenharia de Software\MusicAlly\system\CodeIgniter.php(832): App\Controllers\Musica->index()
#2 C:\Users\vinic\Documents\facul\Engenharia de Software\MusicAlly\system\CodeIgniter.php(419): CodeIgniter\CodeIgniter->runController(Object(App\Controllers\Musica))
#3 C:\Users\vinic\Documents\facul\Engenharia de Software\MusicAlly\system\CodeIgniter.php(326): CodeIgniter\CodeIgniter->handleRequest(NULL, Object(Config\Cache), false)
#4 C:\Users\vinic\Documents\facul\Engenharia de Software\MusicAlly\public\index.php(37): CodeIgniter\CodeIgniter->run()
#5 C:\Users\vinic\Documents\facul\Engenharia de Software\MusicAlly\system\Commands\Server\rewrite.php(43): require_once('C:\\Users\\vinic\\...')
#6 {main}
CRITICAL - 2022-08-05 07:14:25 --> syntax error, unexpected '',isLoggedIn'' (T_CONSTANT_ENCAPSED_STRING), expecting ']'
#0 C:\Users\vinic\Documents\facul\Engenharia de Software\MusicAlly\system\Router\Router.php(175): CodeIgniter\Router\Router->autoRoute('login/login')
#1 C:\Users\vinic\Documents\facul\Engenharia de Software\MusicAlly\system\CodeIgniter.php(726): CodeIgniter\Router\Router->handle('login/login')
#2 C:\Users\vinic\Documents\facul\Engenharia de Software\MusicAlly\system\CodeIgniter.php(368): CodeIgniter\CodeIgniter->tryToRouteIt(Object(CodeIgniter\Router\RouteCollection))
#3 C:\Users\vinic\Documents\facul\Engenharia de Software\MusicAlly\system\CodeIgniter.php(326): CodeIgniter\CodeIgniter->handleRequest(NULL, Object(Config\Cache), false)
#4 C:\Users\vinic\Documents\facul\Engenharia de Software\MusicAlly\public\index.php(37): CodeIgniter\CodeIgniter->run()
#5 C:\Users\vinic\Documents\facul\Engenharia de Software\MusicAlly\system\Commands\Server\rewrite.php(43): require_once('C:\\Users\\vinic\\...')
#6 {main}
CRITICAL - 2022-08-05 07:56:46 --> Indirect modification of overloaded property CodeIgniter\Session\Session::$user has no effect
#0 C:\Users\vinic\Documents\facul\Engenharia de Software\MusicAlly\app\Controllers\Perfil.php(25): CodeIgniter\Debug\Exceptions->errorHandler(8, 'Indirect modifi...', 'C:\\Users\\vinic\\...', 25, Array)
#1 C:\Users\vinic\Documents\facul\Engenharia de Software\MusicAlly\system\CodeIgniter.php(832): App\Controllers\Perfil->alterarDados()
#2 C:\Users\vinic\Documents\facul\Engenharia de Software\MusicAlly\system\CodeIgniter.php(419): CodeIgniter\CodeIgniter->runController(Object(App\Controllers\Perfil))
#3 C:\Users\vinic\Documents\facul\Engenharia de Software\MusicAlly\system\CodeIgniter.php(326): CodeIgniter\CodeIgniter->handleRequest(NULL, Object(Config\Cache), false)
#4 C:\Users\vinic\Documents\facul\Engenharia de Software\MusicAlly\public\index.php(37): CodeIgniter\CodeIgniter->run()
#5 C:\Users\vinic\Documents\facul\Engenharia de Software\MusicAlly\system\Commands\Server\rewrite.php(43): require_once('C:\\Users\\vinic\\...')
#6 {main}
CRITICAL - 2022-08-05 07:59:06 --> Undefined index: tipo
#0 C:\Users\vinic\Documents\facul\Engenharia de Software\MusicAlly\app\Views\_common\layout.php(812): CodeIgniter\Debug\Exceptions->errorHandler(8, 'Undefined index...', 'C:\\Users\\vinic\\...', 812, Array)
#1 C:\Users\vinic\Documents\facul\Engenharia de Software\MusicAlly\system\View\View.php(210): include('C:\\Users\\vinic\\...')
#2 C:\Users\vinic\Documents\facul\Engenharia de Software\MusicAlly\system\View\View.php(213): CodeIgniter\View\View->CodeIgniter\View\{closure}()
#3 C:\Users\vinic\Documents\facul\Engenharia de Software\MusicAlly\system\View\View.php(226): CodeIgniter\View\View->render('_common/layout', Array, true)
#4 C:\Users\vinic\Documents\facul\Engenharia de Software\MusicAlly\system\Common.php(1089): CodeIgniter\View\View->render('perfil/perfil', Array, true)
#5 C:\Users\vinic\Documents\facul\Engenharia de Software\MusicAlly\app\Controllers\Perfil.php(18): view('perfil/perfil', Array)
#6 C:\Users\vinic\Documents\facul\Engenharia de Software\MusicAlly\system\CodeIgniter.php(832): App\Controllers\Perfil->index()
#7 C:\Users\vinic\Documents\facul\Engenharia de Software\MusicAlly\system\CodeIgniter.php(419): CodeIgniter\CodeIgniter->runController(Object(App\Controllers\Perfil))
#8 C:\Users\vinic\Documents\facul\Engenharia de Software\MusicAlly\system\CodeIgniter.php(326): CodeIgniter\CodeIgniter->handleRequest(NULL, Object(Config\Cache), false)
#9 C:\Users\vinic\Documents\facul\Engenharia de Software\MusicAlly\public\index.php(37): CodeIgniter\CodeIgniter->run()
#10 C:\Users\vinic\Documents\facul\Engenharia de Software\MusicAlly\system\Commands\Server\rewrite.php(43): require_once('C:\\Users\\vinic\\...')
#11 {main}
CRITICAL - 2022-08-05 07:59:37 --> Undefined index: tipo
#0 C:\Users\vinic\Documents\facul\Engenharia de Software\MusicAlly\app\Views\_common\layout.php(812): CodeIgniter\Debug\Exceptions->errorHandler(8, 'Undefined index...', 'C:\\Users\\vinic\\...', 812, Array)
#1 C:\Users\vinic\Documents\facul\Engenharia de Software\MusicAlly\system\View\View.php(210): include('C:\\Users\\vinic\\...')
#2 C:\Users\vinic\Documents\facul\Engenharia de Software\MusicAlly\system\View\View.php(213): CodeIgniter\View\View->CodeIgniter\View\{closure}()
#3 C:\Users\vinic\Documents\facul\Engenharia de Software\MusicAlly\system\View\View.php(226): CodeIgniter\View\View->render('_common/layout', Array, true)
#4 C:\Users\vinic\Documents\facul\Engenharia de Software\MusicAlly\system\Common.php(1089): CodeIgniter\View\View->render('perfil/perfil', Array, true)
#5 C:\Users\vinic\Documents\facul\Engenharia de Software\MusicAlly\app\Controllers\Perfil.php(18): view('perfil/perfil', Array)
#6 C:\Users\vinic\Documents\facul\Engenharia de Software\MusicAlly\system\CodeIgniter.php(832): App\Controllers\Perfil->index()
#7 C:\Users\vinic\Documents\facul\Engenharia de Software\MusicAlly\system\CodeIgniter.php(419): CodeIgniter\CodeIgniter->runController(Object(App\Controllers\Perfil))
#8 C:\Users\vinic\Documents\facul\Engenharia de Software\MusicAlly\system\CodeIgniter.php(326): CodeIgniter\CodeIgniter->handleRequest(NULL, Object(Config\Cache), false)
#9 C:\Users\vinic\Documents\facul\Engenharia de Software\MusicAlly\public\index.php(37): CodeIgniter\CodeIgniter->run()
#10 C:\Users\vinic\Documents\facul\Engenharia de Software\MusicAlly\system\Commands\Server\rewrite.php(43): require_once('C:\\Users\\vinic\\...')
#11 {main}
CRITICAL - 2022-08-05 07:59:38 --> Undefined index: tipo
#0 C:\Users\vinic\Documents\facul\Engenharia de Software\MusicAlly\app\Views\_common\layout.php(812): CodeIgniter\Debug\Exceptions->errorHandler(8, 'Undefined index...', 'C:\\Users\\vinic\\...', 812, Array)
#1 C:\Users\vinic\Documents\facul\Engenharia de Software\MusicAlly\system\View\View.php(210): include('C:\\Users\\vinic\\...')
#2 C:\Users\vinic\Documents\facul\Engenharia de Software\MusicAlly\system\View\View.php(213): CodeIgniter\View\View->CodeIgniter\View\{closure}()
#3 C:\Users\vinic\Documents\facul\Engenharia de Software\MusicAlly\system\View\View.php(226): CodeIgniter\View\View->render('_common/layout', Array, true)
#4 C:\Users\vinic\Documents\facul\Engenharia de Software\MusicAlly\system\Common.php(1089): CodeIgniter\View\View->render('perfil/perfil', Array, true)
#5 C:\Users\vinic\Documents\facul\Engenharia de Software\MusicAlly\app\Controllers\Perfil.php(18): view('perfil/perfil', Array)
#6 C:\Users\vinic\Documents\facul\Engenharia de Software\MusicAlly\system\CodeIgniter.php(832): App\Controllers\Perfil->index()
#7 C:\Users\vinic\Documents\facul\Engenharia de Software\MusicAlly\system\CodeIgniter.php(419): CodeIgniter\CodeIgniter->runController(Object(App\Controllers\Perfil))
#8 C:\Users\vinic\Documents\facul\Engenharia de Software\MusicAlly\system\CodeIgniter.php(326): CodeIgniter\CodeIgniter->handleRequest(NULL, Object(Config\Cache), false)
#9 C:\Users\vinic\Documents\facul\Engenharia de Software\MusicAlly\public\index.php(37): CodeIgniter\CodeIgniter->run()
#10 C:\Users\vinic\Documents\facul\Engenharia de Software\MusicAlly\system\Commands\Server\rewrite.php(43): require_once('C:\\Users\\vinic\\...')
#11 {main}
CRITICAL - 2022-08-05 08:05:11 --> Invalid file: musica/tabela/musicas_table.php
#0 C:\Users\vinic\Documents\facul\Engenharia de Software\MusicAlly\system\View\View.php(198): CodeIgniter\Exceptions\FrameworkException::forInvalidFile('musica/tabela/m...')
#1 C:\Users\vinic\Documents\facul\Engenharia de Software\MusicAlly\system\Common.php(1089): CodeIgniter\View\View->render('musica/tabela/m...', Array, true)
#2 C:\Users\vinic\Documents\facul\Engenharia de Software\MusicAlly\app\Controllers\Ajax\Musica.php(22): view('musica/tabela/m...', Array)
#3 C:\Users\vinic\Documents\facul\Engenharia de Software\MusicAlly\system\CodeIgniter.php(832): App\Controllers\Ajax\Musica->musicoMusicas()
#4 C:\Users\vinic\Documents\facul\Engenharia de Software\MusicAlly\system\CodeIgniter.php(419): CodeIgniter\CodeIgniter->runController(Object(App\Controllers\Ajax\Musica))
#5 C:\Users\vinic\Documents\facul\Engenharia de Software\MusicAlly\system\CodeIgniter.php(326): CodeIgniter\CodeIgniter->handleRequest(NULL, Object(Config\Cache), false)
#6 C:\Users\vinic\Documents\facul\Engenharia de Software\MusicAlly\public\index.php(37): CodeIgniter\CodeIgniter->run()
#7 C:\Users\vinic\Documents\facul\Engenharia de Software\MusicAlly\system\Commands\Server\rewrite.php(43): require_once('C:\\Users\\vinic\\...')
#8 {main}
CRITICAL - 2022-08-05 08:05:20 --> Invalid file: musica/tabela/musicas_table.php
#0 C:\Users\vinic\Documents\facul\Engenharia de Software\MusicAlly\system\View\View.php(198): CodeIgniter\Exceptions\FrameworkException::forInvalidFile('musica/tabela/m...')
#1 C:\Users\vinic\Documents\facul\Engenharia de Software\MusicAlly\system\Common.php(1089): CodeIgniter\View\View->render('musica/tabela/m...', Array, true)
#2 C:\Users\vinic\Documents\facul\Engenharia de Software\MusicAlly\app\Controllers\Ajax\Musica.php(22): view('musica/tabela/m...', Array)
#3 C:\Users\vinic\Documents\facul\Engenharia de Software\MusicAlly\system\CodeIgniter.php(832): App\Controllers\Ajax\Musica->musicoMusicas()
#4 C:\Users\vinic\Documents\facul\Engenharia de Software\MusicAlly\system\CodeIgniter.php(419): CodeIgniter\CodeIgniter->runController(Object(App\Controllers\Ajax\Musica))
#5 C:\Users\vinic\Documents\facul\Engenharia de Software\MusicAlly\system\CodeIgniter.php(326): CodeIgniter\CodeIgniter->handleRequest(NULL, Object(Config\Cache), false)
#6 C:\Users\vinic\Documents\facul\Engenharia de Software\MusicAlly\public\index.php(37): CodeIgniter\CodeIgniter->run()
#7 C:\Users\vinic\Documents\facul\Engenharia de Software\MusicAlly\system\Commands\Server\rewrite.php(43): require_once('C:\\Users\\vinic\\...')
#8 {main}
CRITICAL - 2022-08-05 08:05:21 --> Invalid file: musica/tabela/musicas_table.php
#0 C:\Users\vinic\Documents\facul\Engenharia de Software\MusicAlly\system\View\View.php(198): CodeIgniter\Exceptions\FrameworkException::forInvalidFile('musica/tabela/m...')
#1 C:\Users\vinic\Documents\facul\Engenharia de Software\MusicAlly\system\Common.php(1089): CodeIgniter\View\View->render('musica/tabela/m...', Array, true)
#2 C:\Users\vinic\Documents\facul\Engenharia de Software\MusicAlly\app\Controllers\Ajax\Musica.php(22): view('musica/tabela/m...', Array)
#3 C:\Users\vinic\Documents\facul\Engenharia de Software\MusicAlly\system\CodeIgniter.php(832): App\Controllers\Ajax\Musica->musicoMusicas()
#4 C:\Users\vinic\Documents\facul\Engenharia de Software\MusicAlly\system\CodeIgniter.php(419): CodeIgniter\CodeIgniter->runController(Object(App\Controllers\Ajax\Musica))
#5 C:\Users\vinic\Documents\facul\Engenharia de Software\MusicAlly\system\CodeIgniter.php(326): CodeIgniter\CodeIgniter->handleRequest(NULL, Object(Config\Cache), false)
#6 C:\Users\vinic\Documents\facul\Engenharia de Software\MusicAlly\public\index.php(37): CodeIgniter\CodeIgniter->run()
#7 C:\Users\vinic\Documents\facul\Engenharia de Software\MusicAlly\system\Commands\Server\rewrite.php(43): require_once('C:\\Users\\vinic\\...')
#8 {main}
CRITICAL - 2022-08-05 08:23:49 --> Undefined variable: user
#0 C:\Users\vinic\Documents\facul\Engenharia de Software\MusicAlly\app\Views\_common\layout.php(810): CodeIgniter\Debug\Exceptions->errorHandler(8, 'Undefined varia...', 'C:\\Users\\vinic\\...', 810, Array)
#1 C:\Users\vinic\Documents\facul\Engenharia de Software\MusicAlly\system\View\View.php(210): include('C:\\Users\\vinic\\...')
#2 C:\Users\vinic\Documents\facul\Engenharia de Software\MusicAlly\system\View\View.php(213): CodeIgniter\View\View->CodeIgniter\View\{closure}()
#3 C:\Users\vinic\Documents\facul\Engenharia de Software\MusicAlly\system\View\View.php(226): CodeIgniter\View\View->render('_common/layout', Array, true)
#4 C:\Users\vinic\Documents\facul\Engenharia de Software\MusicAlly\system\Common.php(1089): CodeIgniter\View\View->render('musica/player', Array, true)
#5 C:\Users\vinic\Documents\facul\Engenharia de Software\MusicAlly\app\Controllers\Musica.php(25): view('musica/player', Array)
#6 C:\Users\vinic\Documents\facul\Engenharia de Software\MusicAlly\system\CodeIgniter.php(832): App\Controllers\Musica->player('115')
#7 C:\Users\vinic\Documents\facul\Engenharia de Software\MusicAlly\system\CodeIgniter.php(419): CodeIgniter\CodeIgniter->runController(Object(App\Controllers\Musica))
#8 C:\Users\vinic\Documents\facul\Engenharia de Software\MusicAlly\system\CodeIgniter.php(326): CodeIgniter\CodeIgniter->handleRequest(NULL, Object(Config\Cache), false)
#9 C:\Users\vinic\Documents\facul\Engenharia de Software\MusicAlly\public\index.php(37): CodeIgniter\CodeIgniter->run()
#10 C:\Users\vinic\Documents\facul\Engenharia de Software\MusicAlly\system\Commands\Server\rewrite.php(43): require_once('C:\\Users\\vinic\\...')
#11 {main}
CRITICAL - 2022-08-05 11:58:10 --> Call to a member function getLastQuery() on null
#0 C:\Users\vinic\Documents\facul\Engenharia de Software\MusicAlly\app\Controllers\Ajax\Musica.php(52): App\Models\MusicasModel->newPlay('135')
#1 C:\Users\vinic\Documents\facul\Engenharia de Software\MusicAlly\system\CodeIgniter.php(832): App\Controllers\Ajax\Musica->newPlay('135')
#2 C:\Users\vinic\Documents\facul\Engenharia de Software\MusicAlly\system\CodeIgniter.php(419): CodeIgniter\CodeIgniter->runController(Object(App\Controllers\Ajax\Musica))
#3 C:\Users\vinic\Documents\facul\Engenharia de Software\MusicAlly\system\CodeIgniter.php(326): CodeIgniter\CodeIgniter->handleRequest(NULL, Object(Config\Cache), false)
#4 C:\Users\vinic\Documents\facul\Engenharia de Software\MusicAlly\public\index.php(37): CodeIgniter\CodeIgniter->run()
#5 C:\Users\vinic\Documents\facul\Engenharia de Software\MusicAlly\system\Commands\Server\rewrite.php(43): require_once('C:\\Users\\vinic\\...')
#6 {main}
CRITICAL - 2022-08-05 11:58:11 --> Call to a member function getLastQuery() on null
#0 C:\Users\vinic\Documents\facul\Engenharia de Software\MusicAlly\app\Controllers\Ajax\Musica.php(52): App\Models\MusicasModel->newPlay('135')
#1 C:\Users\vinic\Documents\facul\Engenharia de Software\MusicAlly\system\CodeIgniter.php(832): App\Controllers\Ajax\Musica->newPlay('135')
#2 C:\Users\vinic\Documents\facul\Engenharia de Software\MusicAlly\system\CodeIgniter.php(419): CodeIgniter\CodeIgniter->runController(Object(App\Controllers\Ajax\Musica))
#3 C:\Users\vinic\Documents\facul\Engenharia de Software\MusicAlly\system\CodeIgniter.php(326): CodeIgniter\CodeIgniter->handleRequest(NULL, Object(Config\Cache), false)
#4 C:\Users\vinic\Documents\facul\Engenharia de Software\MusicAlly\public\index.php(37): CodeIgniter\CodeIgniter->run()
#5 C:\Users\vinic\Documents\facul\Engenharia de Software\MusicAlly\system\Commands\Server\rewrite.php(43): require_once('C:\\Users\\vinic\\...')
#6 {main}
ERROR - 2022-08-05 12:35:06 --> Cannot add or update a child row: a foreign key constraint fails (`musically`.`usuario_avalia_musica`, CONSTRAINT `usuario_avalia_musica_ibfk_2` FOREIGN KEY (`musica_registro`) REFERENCES `musicas` (`registro`) ON DELETE CASCADE ON UPDATE CASCADE)
CRITICAL - 2022-08-05 12:35:06 --> Cannot add or update a child row: a foreign key constraint fails (`musically`.`usuario_avalia_musica`, CONSTRAINT `usuario_avalia_musica_ibfk_2` FOREIGN KEY (`musica_registro`) REFERENCES `musicas` (`registro`) ON DELETE CASCADE ON UPDATE CASCADE)
#0 C:\Users\vinic\Documents\facul\Engenharia de Software\MusicAlly\system\Database\MySQLi\Connection.php(292): mysqli->query('INSERT INTO `us...', 0)
#1 C:\Users\vinic\Documents\facul\Engenharia de Software\MusicAlly\system\Database\BaseConnection.php(670): CodeIgniter\Database\MySQLi\Connection->execute('INSERT INTO `us...')
#2 C:\Users\vinic\Documents\facul\Engenharia de Software\MusicAlly\system\Database\BaseConnection.php(598): CodeIgniter\Database\BaseConnection->simpleQuery('INSERT INTO `us...')
#3 C:\Users\vinic\Documents\facul\Engenharia de Software\MusicAlly\system\Database\BaseBuilder.php(1771): CodeIgniter\Database\BaseConnection->query('INSERT INTO `us...', Array, false)
#4 C:\Users\vinic\Documents\facul\Engenharia de Software\MusicAlly\system\Model.php(239): CodeIgniter\Database\BaseBuilder->insert()
#5 C:\Users\vinic\Documents\facul\Engenharia de Software\MusicAlly\system\BaseModel.php(738): CodeIgniter\Model->doInsert(Array)
#6 C:\Users\vinic\Documents\facul\Engenharia de Software\MusicAlly\system\Model.php(625): CodeIgniter\BaseModel->insert(Array, true)
#7 C:\Users\vinic\Documents\facul\Engenharia de Software\MusicAlly\app\Models\Avalia.php(49): CodeIgniter\Model->insert(Array)
#8 C:\Users\vinic\Documents\facul\Engenharia de Software\MusicAlly\app\Controllers\Ajax\Musica.php(51): App\Models\Avalia->novaAvaliacao('3', '165', '1')
#9 C:\Users\vinic\Documents\facul\Engenharia de Software\MusicAlly\system\CodeIgniter.php(832): App\Controllers\Ajax\Musica->newRating('165', '1')
#10 C:\Users\vinic\Documents\facul\Engenharia de Software\MusicAlly\system\CodeIgniter.php(419): CodeIgniter\CodeIgniter->runController(Object(App\Controllers\Ajax\Musica))
#11 C:\Users\vinic\Documents\facul\Engenharia de Software\MusicAlly\system\CodeIgniter.php(326): CodeIgniter\CodeIgniter->handleRequest(NULL, Object(Config\Cache), false)
#12 C:\Users\vinic\Documents\facul\Engenharia de Software\MusicAlly\public\index.php(37): CodeIgniter\CodeIgniter->run()
#13 C:\Users\vinic\Documents\facul\Engenharia de Software\MusicAlly\system\Commands\Server\rewrite.php(43): require_once('C:\\Users\\vinic\\...')
#14 {main}
ERROR - 2022-08-05 12:36:12 --> Cannot add or update a child row: a foreign key constraint fails (`musically`.`usuario_avalia_musica`, CONSTRAINT `usuario_avalia_musica_ibfk_2` FOREIGN KEY (`musica_registro`) REFERENCES `musicas` (`registro`) ON DELETE CASCADE ON UPDATE CASCADE)
CRITICAL - 2022-08-05 12:36:12 --> Cannot add or update a child row: a foreign key constraint fails (`musically`.`usuario_avalia_musica`, CONSTRAINT `usuario_avalia_musica_ibfk_2` FOREIGN KEY (`musica_registro`) REFERENCES `musicas` (`registro`) ON DELETE CASCADE ON UPDATE CASCADE)
#0 C:\Users\vinic\Documents\facul\Engenharia de Software\MusicAlly\system\Database\MySQLi\Connection.php(292): mysqli->query('INSERT INTO `us...', 0)
#1 C:\Users\vinic\Documents\facul\Engenharia de Software\MusicAlly\system\Database\BaseConnection.php(670): CodeIgniter\Database\MySQLi\Connection->execute('INSERT INTO `us...')
#2 C:\Users\vinic\Documents\facul\Engenharia de Software\MusicAlly\system\Database\BaseConnection.php(598): CodeIgniter\Database\BaseConnection->simpleQuery('INSERT INTO `us...')
#3 C:\Users\vinic\Documents\facul\Engenharia de Software\MusicAlly\system\Database\BaseBuilder.php(1771): CodeIgniter\Database\BaseConnection->query('INSERT INTO `us...', Array, false)
#4 C:\Users\vinic\Documents\facul\Engenharia de Software\MusicAlly\system\Model.php(239): CodeIgniter\Database\BaseBuilder->insert()
#5 C:\Users\vinic\Documents\facul\Engenharia de Software\MusicAlly\system\BaseModel.php(738): CodeIgniter\Model->doInsert(Array)
#6 C:\Users\vinic\Documents\facul\Engenharia de Software\MusicAlly\system\Model.php(625): CodeIgniter\BaseModel->insert(Array, true)
#7 C:\Users\vinic\Documents\facul\Engenharia de Software\MusicAlly\app\Models\Avalia.php(49): CodeIgniter\Model->insert(Array)
#8 C:\Users\vinic\Documents\facul\Engenharia de Software\MusicAlly\app\Controllers\Ajax\Musica.php(51): App\Models\Avalia->novaAvaliacao('3', '165', '1')
#9 C:\Users\vinic\Documents\facul\Engenharia de Software\MusicAlly\system\CodeIgniter.php(832): App\Controllers\Ajax\Musica->newRating('165', '1')
#10 C:\Users\vinic\Documents\facul\Engenharia de Software\MusicAlly\system\CodeIgniter.php(419): CodeIgniter\CodeIgniter->runController(Object(App\Controllers\Ajax\Musica))
#11 C:\Users\vinic\Documents\facul\Engenharia de Software\MusicAlly\system\CodeIgniter.php(326): CodeIgniter\CodeIgniter->handleRequest(NULL, Object(Config\Cache), false)
#12 C:\Users\vinic\Documents\facul\Engenharia de Software\MusicAlly\public\index.php(37): CodeIgniter\CodeIgniter->run()
#13 C:\Users\vinic\Documents\facul\Engenharia de Software\MusicAlly\system\Commands\Server\rewrite.php(43): require_once('C:\\Users\\vinic\\...')
#14 {main}
ERROR - 2022-08-05 12:38:15 --> Unknown column 'usuario_avalia_musica.id' in 'where clause'
CRITICAL - 2022-08-05 12:38:15 --> Unknown column 'usuario_avalia_musica.id' in 'where clause'
#0 C:\Users\vinic\Documents\facul\Engenharia de Software\MusicAlly\system\Database\MySQLi\Connection.php(292): mysqli->query('UPDATE `usuario...', 0)
#1 C:\Users\vinic\Documents\facul\Engenharia de Software\MusicAlly\system\Database\BaseConnection.php(670): CodeIgniter\Database\MySQLi\Connection->execute('UPDATE `usuario...')
#2 C:\Users\vinic\Documents\facul\Engenharia de Software\MusicAlly\system\Database\BaseConnection.php(598): CodeIgniter\Database\BaseConnection->simpleQuery('UPDATE `usuario...')
#3 C:\Users\vinic\Documents\facul\Engenharia de Software\MusicAlly\system\Database\BaseBuilder.php(1913): CodeIgniter\Database\BaseConnection->query('UPDATE `usuario...', Array, false)
#4 C:\Users\vinic\Documents\facul\Engenharia de Software\MusicAlly\system\Model.php(298): CodeIgniter\Database\BaseBuilder->update()
#5 C:\Users\vinic\Documents\facul\Engenharia de Software\MusicAlly\system\BaseModel.php(865): CodeIgniter\Model->doUpdate(Array, Array)
#6 C:\Users\vinic\Documents\facul\Engenharia de Software\MusicAlly\system\Model.php(651): CodeIgniter\BaseModel->update(Array, Array)
#7 C:\Users\vinic\Documents\facul\Engenharia de Software\MusicAlly\app\Models\Avalia.php(47): CodeIgniter\Model->update(Array)
#8 C:\Users\vinic\Documents\facul\Engenharia de Software\MusicAlly\app\Controllers\Ajax\Musica.php(51): App\Models\Avalia->novaAvaliacao('3', '135', '4')
#9 C:\Users\vinic\Documents\facul\Engenharia de Software\MusicAlly\system\CodeIgniter.php(832): App\Controllers\Ajax\Musica->newRating('135', '4')
#10 C:\Users\vinic\Documents\facul\Engenharia de Software\MusicAlly\system\CodeIgniter.php(419): CodeIgniter\CodeIgniter->runController(Object(App\Controllers\Ajax\Musica))
#11 C:\Users\vinic\Documents\facul\Engenharia de Software\MusicAlly\system\CodeIgniter.php(326): CodeIgniter\CodeIgniter->handleRequest(NULL, Object(Config\Cache), false)
#12 C:\Users\vinic\Documents\facul\Engenharia de Software\MusicAlly\public\index.php(37): CodeIgniter\CodeIgniter->run()
#13 C:\Users\vinic\Documents\facul\Engenharia de Software\MusicAlly\system\Commands\Server\rewrite.php(43): require_once('C:\\Users\\vinic\\...')
#14 {main}
CRITICAL - 2022-08-05 12:43:20 --> syntax error, unexpected '}'
#0 C:\Users\vinic\Documents\facul\Engenharia de Software\MusicAlly\system\Autoloader\Autoloader.php(241): CodeIgniter\Autoloader\Autoloader->includeFile('C:\\Users\\vinic\\...')
#1 C:\Users\vinic\Documents\facul\Engenharia de Software\MusicAlly\system\Autoloader\Autoloader.php(219): CodeIgniter\Autoloader\Autoloader->loadInNamespace('App\\Models\\Aval...')
#2 [internal function]: CodeIgniter\Autoloader\Autoloader->loadClass('App\\Models\\Aval...')
#3 C:\Users\vinic\Documents\facul\Engenharia de Software\MusicAlly\app\Controllers\Ajax\Musica.php(16): spl_autoload_call('App\\Models\\Aval...')
#4 C:\Users\vinic\Documents\facul\Engenharia de Software\MusicAlly\system\CodeIgniter.php(809): App\Controllers\Ajax\Musica->__construct()
#5 C:\Users\vinic\Documents\facul\Engenharia de Software\MusicAlly\system\CodeIgniter.php(410): CodeIgniter\CodeIgniter->createController()
#6 C:\Users\vinic\Documents\facul\Engenharia de Software\MusicAlly\system\CodeIgniter.php(326): CodeIgniter\CodeIgniter->handleRequest(NULL, Object(Config\Cache), false)
#7 C:\Users\vinic\Documents\facul\Engenharia de Software\MusicAlly\public\index.php(37): CodeIgniter\CodeIgniter->run()
#8 C:\Users\vinic\Documents\facul\Engenharia de Software\MusicAlly\system\Commands\Server\rewrite.php(43): require_once('C:\\Users\\vinic\\...')
#9 {main}
CRITICAL - 2022-08-05 16:46:28 --> Undefined variable: user
#0 C:\Users\vinic\Documents\facul\Engenharia de Software\MusicAlly\app\Views\_common\layout.php(811): CodeIgniter\Debug\Exceptions->errorHandler(8, 'Undefined varia...', 'C:\\Users\\vinic\\...', 811, Array)
#1 C:\Users\vinic\Documents\facul\Engenharia de Software\MusicAlly\system\View\View.php(210): include('C:\\Users\\vinic\\...')
#2 C:\Users\vinic\Documents\facul\Engenharia de Software\MusicAlly\system\View\View.php(213): CodeIgniter\View\View->CodeIgniter\View\{closure}()
#3 C:\Users\vinic\Documents\facul\Engenharia de Software\MusicAlly\system\View\View.php(226): CodeIgniter\View\View->render('_common/layout', Array, true)
#4 C:\Users\vinic\Documents\facul\Engenharia de Software\MusicAlly\system\Common.php(1089): CodeIgniter\View\View->render('dashboard/dashb...', Array, true)
#5 C:\Users\vinic\Documents\facul\Engenharia de Software\MusicAlly\app\Controllers\Dashboard.php(11): view('dashboard/dashb...')
#6 C:\Users\vinic\Documents\facul\Engenharia de Software\MusicAlly\system\CodeIgniter.php(832): App\Controllers\Dashboard->index()
#7 C:\Users\vinic\Documents\facul\Engenharia de Software\MusicAlly\system\CodeIgniter.php(419): CodeIgniter\CodeIgniter->runController(Object(App\Controllers\Dashboard))
#8 C:\Users\vinic\Documents\facul\Engenharia de Software\MusicAlly\system\CodeIgniter.php(326): CodeIgniter\CodeIgniter->handleRequest(NULL, Object(Config\Cache), false)
#9 C:\Users\vinic\Documents\facul\Engenharia de Software\MusicAlly\public\index.php(37): CodeIgniter\CodeIgniter->run()
#10 C:\Users\vinic\Documents\facul\Engenharia de Software\MusicAlly\system\Commands\Server\rewrite.php(43): require_once('C:\\Users\\vinic\\...')
#11 {main}
CRITICAL - 2022-08-05 17:07:08 --> Trying to access array offset on value of type null
#0 C:\Users\vinic\Documents\facul\Engenharia de Software\MusicAlly\app\Models\PlaylistsModel.php(65): CodeIgniter\Debug\Exceptions->errorHandler(8, 'Trying to acces...', 'C:\\Users\\vinic\\...', 65, Array)
#1 C:\Users\vinic\Documents\facul\Engenharia de Software\MusicAlly\app\Controllers\Playlist.php(23): App\Models\PlaylistsModel->verificaDono('3', '154')
#2 C:\Users\vinic\Documents\facul\Engenharia de Software\MusicAlly\system\CodeIgniter.php(832): App\Controllers\Playlist->playlist('154')
#3 C:\Users\vinic\Documents\facul\Engenharia de Software\MusicAlly\system\CodeIgniter.php(419): CodeIgniter\CodeIgniter->runController(Object(App\Controllers\Playlist))
#4 C:\Users\vinic\Documents\facul\Engenharia de Software\MusicAlly\system\CodeIgniter.php(326): CodeIgniter\CodeIgniter->handleRequest(NULL, Object(Config\Cache), false)
#5 C:\Users\vinic\Documents\facul\Engenharia de Software\MusicAlly\public\index.php(37): CodeIgniter\CodeIgniter->run()
#6 C:\Users\vinic\Documents\facul\Engenharia de Software\MusicAlly\system\Commands\Server\rewrite.php(43): require_once('C:\\Users\\vinic\\...')
#7 {main}
CRITICAL - 2022-08-05 17:10:42 --> Trying to access array offset on value of type null
#0 C:\Users\vinic\Documents\facul\Engenharia de Software\MusicAlly\app\Models\PlaylistsModel.php(65): CodeIgniter\Debug\Exceptions->errorHandler(8, 'Trying to acces...', 'C:\\Users\\vinic\\...', 65, Array)
#1 C:\Users\vinic\Documents\facul\Engenharia de Software\MusicAlly\app\Controllers\Playlist.php(23): App\Models\PlaylistsModel->verificaDono('3', '138')
#2 C:\Users\vinic\Documents\facul\Engenharia de Software\MusicAlly\system\CodeIgniter.php(832): App\Controllers\Playlist->playlist('138')
#3 C:\Users\vinic\Documents\facul\Engenharia de Software\MusicAlly\system\CodeIgniter.php(419): CodeIgniter\CodeIgniter->runController(Object(App\Controllers\Playlist))
#4 C:\Users\vinic\Documents\facul\Engenharia de Software\MusicAlly\system\CodeIgniter.php(326): CodeIgniter\CodeIgniter->handleRequest(NULL, Object(Config\Cache), false)
#5 C:\Users\vinic\Documents\facul\Engenharia de Software\MusicAlly\public\index.php(37): CodeIgniter\CodeIgniter->run()
#6 C:\Users\vinic\Documents\facul\Engenharia de Software\MusicAlly\system\Commands\Server\rewrite.php(43): require_once('C:\\Users\\vinic\\...')
#7 {main}
CRITICAL - 2022-08-05 17:43:21 --> There is no data to update.
#0 C:\Users\vinic\Documents\facul\Engenharia de Software\MusicAlly\system\BaseModel.php(846): CodeIgniter\Database\Exceptions\DataException::forEmptyDataset('update')
#1 C:\Users\vinic\Documents\facul\Engenharia de Software\MusicAlly\system\Model.php(651): CodeIgniter\BaseModel->update(Array, Array)
#2 C:\Users\vinic\Documents\facul\Engenharia de Software\MusicAlly\app\Models\PlaylistsModel.php(97): CodeIgniter\Model->update('53')
#3 C:\Users\vinic\Documents\facul\Engenharia de Software\MusicAlly\app\Controllers\Ajax\Playlist.php(66): App\Models\PlaylistsModel->contabilizaAcesso('53')
#4 C:\Users\vinic\Documents\facul\Engenharia de Software\MusicAlly\system\CodeIgniter.php(832): App\Controllers\Ajax\Playlist->acesso('53')
#5 C:\Users\vinic\Documents\facul\Engenharia de Software\MusicAlly\system\CodeIgniter.php(419): CodeIgniter\CodeIgniter->runController(Object(App\Controllers\Ajax\Playlist))
#6 C:\Users\vinic\Documents\facul\Engenharia de Software\MusicAlly\system\CodeIgniter.php(326): CodeIgniter\CodeIgniter->handleRequest(NULL, Object(Config\Cache), false)
#7 C:\Users\vinic\Documents\facul\Engenharia de Software\MusicAlly\public\index.php(37): CodeIgniter\CodeIgniter->run()
#8 C:\Users\vinic\Documents\facul\Engenharia de Software\MusicAlly\system\Commands\Server\rewrite.php(43): require_once('C:\\Users\\vinic\\...')
#9 {main}
CRITICAL - 2022-08-05 17:43:29 --> There is no data to update.
#0 C:\Users\vinic\Documents\facul\Engenharia de Software\MusicAlly\system\BaseModel.php(846): CodeIgniter\Database\Exceptions\DataException::forEmptyDataset('update')
#1 C:\Users\vinic\Documents\facul\Engenharia de Software\MusicAlly\system\Model.php(651): CodeIgniter\BaseModel->update(Array, Array)
#2 C:\Users\vinic\Documents\facul\Engenharia de Software\MusicAlly\app\Models\PlaylistsModel.php(97): CodeIgniter\Model->update('53')
#3 C:\Users\vinic\Documents\facul\Engenharia de Software\MusicAlly\app\Controllers\Ajax\Playlist.php(66): App\Models\PlaylistsModel->contabilizaAcesso('53')
#4 C:\Users\vinic\Documents\facul\Engenharia de Software\MusicAlly\system\CodeIgniter.php(832): App\Controllers\Ajax\Playlist->acesso('53')
#5 C:\Users\vinic\Documents\facul\Engenharia de Software\MusicAlly\system\CodeIgniter.php(419): CodeIgniter\CodeIgniter->runController(Object(App\Controllers\Ajax\Playlist))
#6 C:\Users\vinic\Documents\facul\Engenharia de Software\MusicAlly\system\CodeIgniter.php(326): CodeIgniter\CodeIgniter->handleRequest(NULL, Object(Config\Cache), false)
#7 C:\Users\vinic\Documents\facul\Engenharia de Software\MusicAlly\public\index.php(37): CodeIgniter\CodeIgniter->run()
#8 C:\Users\vinic\Documents\facul\Engenharia de Software\MusicAlly\system\Commands\Server\rewrite.php(43): require_once('C:\\Users\\vinic\\...')
#9 {main}
CRITICAL - 2022-08-05 17:43:31 --> There is no data to update.
#0 C:\Users\vinic\Documents\facul\Engenharia de Software\MusicAlly\system\BaseModel.php(846): CodeIgniter\Database\Exceptions\DataException::forEmptyDataset('update')
#1 C:\Users\vinic\Documents\facul\Engenharia de Software\MusicAlly\system\Model.php(651): CodeIgniter\BaseModel->update(Array, Array)
#2 C:\Users\vinic\Documents\facul\Engenharia de Software\MusicAlly\app\Models\PlaylistsModel.php(97): CodeIgniter\Model->update('53')
#3 C:\Users\vinic\Documents\facul\Engenharia de Software\MusicAlly\app\Controllers\Ajax\Playlist.php(66): App\Models\PlaylistsModel->contabilizaAcesso('53')
#4 C:\Users\vinic\Documents\facul\Engenharia de Software\MusicAlly\system\CodeIgniter.php(832): App\Controllers\Ajax\Playlist->acesso('53')
#5 C:\Users\vinic\Documents\facul\Engenharia de Software\MusicAlly\system\CodeIgniter.php(419): CodeIgniter\CodeIgniter->runController(Object(App\Controllers\Ajax\Playlist))
#6 C:\Users\vinic\Documents\facul\Engenharia de Software\MusicAlly\system\CodeIgniter.php(326): CodeIgniter\CodeIgniter->handleRequest(NULL, Object(Config\Cache), false)
#7 C:\Users\vinic\Documents\facul\Engenharia de Software\MusicAlly\public\index.php(37): CodeIgniter\CodeIgniter->run()
#8 C:\Users\vinic\Documents\facul\Engenharia de Software\MusicAlly\system\Commands\Server\rewrite.php(43): require_once('C:\\Users\\vinic\\...')
#9 {main}
CRITICAL - 2022-08-05 19:44:05 --> Too few arguments to function App\Controllers\Ajax\Playlist::novaPlaylist(), 1 passed in C:\Users\vinic\Documents\facul\Engenharia de Software\MusicAlly\system\CodeIgniter.php on line 832 and exactly 3 expected
#0 C:\Users\vinic\Documents\facul\Engenharia de Software\MusicAlly\system\CodeIgniter.php(832): App\Controllers\Ajax\Playlist->novaPlaylist('false')
#1 C:\Users\vinic\Documents\facul\Engenharia de Software\MusicAlly\system\CodeIgniter.php(419): CodeIgniter\CodeIgniter->runController(Object(App\Controllers\Ajax\Playlist))
#2 C:\Users\vinic\Documents\facul\Engenharia de Software\MusicAlly\system\CodeIgniter.php(326): CodeIgniter\CodeIgniter->handleRequest(NULL, Object(Config\Cache), false)
#3 C:\Users\vinic\Documents\facul\Engenharia de Software\MusicAlly\public\index.php(37): CodeIgniter\CodeIgniter->run()
#4 C:\Users\vinic\Documents\facul\Engenharia de Software\MusicAlly\system\Commands\Server\rewrite.php(43): require_once('C:\\Users\\vinic\\...')
#5 {main}
CRITICAL - 2022-08-05 19:44:10 --> Too few arguments to function App\Controllers\Ajax\Playlist::novaPlaylist(), 1 passed in C:\Users\vinic\Documents\facul\Engenharia de Software\MusicAlly\system\CodeIgniter.php on line 832 and exactly 3 expected
#0 C:\Users\vinic\Documents\facul\Engenharia de Software\MusicAlly\system\CodeIgniter.php(832): App\Controllers\Ajax\Playlist->novaPlaylist('false')
#1 C:\Users\vinic\Documents\facul\Engenharia de Software\MusicAlly\system\CodeIgniter.php(419): CodeIgniter\CodeIgniter->runController(Object(App\Controllers\Ajax\Playlist))
#2 C:\Users\vinic\Documents\facul\Engenharia de Software\MusicAlly\system\CodeIgniter.php(326): CodeIgniter\CodeIgniter->handleRequest(NULL, Object(Config\Cache), false)
#3 C:\Users\vinic\Documents\facul\Engenharia de Software\MusicAlly\public\index.php(37): CodeIgniter\CodeIgniter->run()
#4 C:\Users\vinic\Documents\facul\Engenharia de Software\MusicAlly\system\Commands\Server\rewrite.php(43): require_once('C:\\Users\\vinic\\...')
#5 {main}
CRITICAL - 2022-08-05 20:18:12 --> Undefined index: email
#0 C:\Users\vinic\Documents\facul\Engenharia de Software\MusicAlly\app\Controllers\Login.php(24): CodeIgniter\Debug\Exceptions->errorHandler(8, 'Undefined index...', 'C:\\Users\\vinic\\...', 24, Array)
#1 C:\Users\vinic\Documents\facul\Engenharia de Software\MusicAlly\system\CodeIgniter.php(832): App\Controllers\Login->login()
#2 C:\Users\vinic\Documents\facul\Engenharia de Software\MusicAlly\system\CodeIgniter.php(419): CodeIgniter\CodeIgniter->runController(Object(App\Controllers\Login))
#3 C:\Users\vinic\Documents\facul\Engenharia de Software\MusicAlly\system\CodeIgniter.php(326): CodeIgniter\CodeIgniter->handleRequest(NULL, Object(Config\Cache), false)
#4 C:\Users\vinic\Documents\facul\Engenharia de Software\MusicAlly\public\index.php(37): CodeIgniter\CodeIgniter->run()
#5 C:\Users\vinic\Documents\facul\Engenharia de Software\MusicAlly\system\Commands\Server\rewrite.php(43): require_once('C:\\Users\\vinic\\...')
#6 {main}
CRITICAL - 2022-08-05 20:26:49 --> Undefined index: dono
#0 C:\Users\vinic\Documents\facul\Engenharia de Software\MusicAlly\app\Views\musica\player.php(243): CodeIgniter\Debug\Exceptions->errorHandler(8, 'Undefined index...', 'C:\\Users\\vinic\\...', 243, Array)
#1 C:\Users\vinic\Documents\facul\Engenharia de Software\MusicAlly\system\View\View.php(210): include('C:\\Users\\vinic\\...')
#2 C:\Users\vinic\Documents\facul\Engenharia de Software\MusicAlly\system\View\View.php(213): CodeIgniter\View\View->CodeIgniter\View\{closure}()
#3 C:\Users\vinic\Documents\facul\Engenharia de Software\MusicAlly\system\Common.php(1089): CodeIgniter\View\View->render('musica/player', Array, true)
#4 C:\Users\vinic\Documents\facul\Engenharia de Software\MusicAlly\app\Controllers\Musica.php(25): view('musica/player', Array)
#5 C:\Users\vinic\Documents\facul\Engenharia de Software\MusicAlly\system\CodeIgniter.php(832): App\Controllers\Musica->player('83')
#6 C:\Users\vinic\Documents\facul\Engenharia de Software\MusicAlly\system\CodeIgniter.php(419): CodeIgniter\CodeIgniter->runController(Object(App\Controllers\Musica))
#7 C:\Users\vinic\Documents\facul\Engenharia de Software\MusicAlly\system\CodeIgniter.php(326): CodeIgniter\CodeIgniter->handleRequest(NULL, Object(Config\Cache), false)
#8 C:\Users\vinic\Documents\facul\Engenharia de Software\MusicAlly\public\index.php(37): CodeIgniter\CodeIgniter->run()
#9 C:\Users\vinic\Documents\facul\Engenharia de Software\MusicAlly\system\Commands\Server\rewrite.php(43): require_once('C:\\Users\\vinic\\...')
#10 {main}
CRITICAL - 2022-08-05 20:27:09 --> Undefined index: artista
#0 C:\Users\vinic\Documents\facul\Engenharia de Software\MusicAlly\app\Views\musica\player.php(243): CodeIgniter\Debug\Exceptions->errorHandler(8, 'Undefined index...', 'C:\\Users\\vinic\\...', 243, Array)
#1 C:\Users\vinic\Documents\facul\Engenharia de Software\MusicAlly\system\View\View.php(210): include('C:\\Users\\vinic\\...')
#2 C:\Users\vinic\Documents\facul\Engenharia de Software\MusicAlly\system\View\View.php(213): CodeIgniter\View\View->CodeIgniter\View\{closure}()
#3 C:\Users\vinic\Documents\facul\Engenharia de Software\MusicAlly\system\Common.php(1089): CodeIgniter\View\View->render('musica/player', Array, true)
#4 C:\Users\vinic\Documents\facul\Engenharia de Software\MusicAlly\app\Controllers\Musica.php(25): view('musica/player', Array)
#5 C:\Users\vinic\Documents\facul\Engenharia de Software\MusicAlly\system\CodeIgniter.php(832): App\Controllers\Musica->player('83')
#6 C:\Users\vinic\Documents\facul\Engenharia de Software\MusicAlly\system\CodeIgniter.php(419): CodeIgniter\CodeIgniter->runController(Object(App\Controllers\Musica))
#7 C:\Users\vinic\Documents\facul\Engenharia de Software\MusicAlly\system\CodeIgniter.php(326): CodeIgniter\CodeIgniter->handleRequest(NULL, Object(Config\Cache), false)
#8 C:\Users\vinic\Documents\facul\Engenharia de Software\MusicAlly\public\index.php(37): CodeIgniter\CodeIgniter->run()
#9 C:\Users\vinic\Documents\facul\Engenharia de Software\MusicAlly\system\Commands\Server\rewrite.php(43): require_once('C:\\Users\\vinic\\...')
#10 {main}
