ERROR - 2022-08-06 09:31:58 --> Operand should contain 1 column(s)
ERROR - 2022-08-06 09:35:22 --> Operand should contain 1 column(s)
ERROR - 2022-08-06 09:35:23 --> Operand should contain 1 column(s)
ERROR - 2022-08-06 09:35:35 --> Operand should contain 1 column(s)
ERROR - 2022-08-06 09:35:36 --> Operand should contain 1 column(s)
ERROR - 2022-08-06 09:36:20 --> Operand should contain 1 column(s)
ERROR - 2022-08-06 09:36:42 --> Operand should contain 1 column(s)
ERROR - 2022-08-06 09:36:44 --> Operand should contain 1 column(s)
ERROR - 2022-08-06 09:36:45 --> Operand should contain 1 column(s)
CRITICAL - 2022-08-06 09:42:34 --> syntax error, unexpected ')', expecting ']'
#0 C:\Users\vinic\Documents\facul\Engenharia de Software\MusicAlly\system\Autoloader\Autoloader.php(241): CodeIgniter\Autoloader\Autoloader->includeFile('C:\\Users\\vinic\\...')
#1 C:\Users\vinic\Documents\facul\Engenharia de Software\MusicAlly\system\Autoloader\Autoloader.php(219): CodeIgniter\Autoloader\Autoloader->loadInNamespace('App\\Models\\Ouve...')
#2 [internal function]: CodeIgniter\Autoloader\Autoloader->loadClass('App\\Models\\Ouve...')
#3 C:\Users\vinic\Documents\facul\Engenharia de Software\MusicAlly\app\Controllers\Ajax\Musica.php(21): spl_autoload_call('App\\Models\\Ouve...')
#4 C:\Users\vinic\Documents\facul\Engenharia de Software\MusicAlly\system\CodeIgniter.php(809): App\Controllers\Ajax\Musica->__construct()
#5 C:\Users\vinic\Documents\facul\Engenharia de Software\MusicAlly\system\CodeIgniter.php(410): CodeIgniter\CodeIgniter->createController()
#6 C:\Users\vinic\Documents\facul\Engenharia de Software\MusicAlly\system\CodeIgniter.php(326): CodeIgniter\CodeIgniter->handleRequest(NULL, Object(Config\Cache), false)
#7 C:\Users\vinic\Documents\facul\Engenharia de Software\MusicAlly\public\index.php(37): CodeIgniter\CodeIgniter->run()
#8 C:\Users\vinic\Documents\facul\Engenharia de Software\MusicAlly\system\Commands\Server\rewrite.php(43): require_once('C:\\Users\\vinic\\...')
#9 {main}
CRITICAL - 2022-08-06 09:42:45 --> syntax error, unexpected ')', expecting ']'
#0 C:\Users\vinic\Documents\facul\Engenharia de Software\MusicAlly\system\Autoloader\Autoloader.php(241): CodeIgniter\Autoloader\Autoloader->includeFile('C:\\Users\\vinic\\...')
#1 C:\Users\vinic\Documents\facul\Engenharia de Software\MusicAlly\system\Autoloader\Autoloader.php(219): CodeIgniter\Autoloader\Autoloader->loadInNamespace('App\\Models\\Ouve...')
#2 [internal function]: CodeIgniter\Autoloader\Autoloader->loadClass('App\\Models\\Ouve...')
#3 C:\Users\vinic\Documents\facul\Engenharia de Software\MusicAlly\app\Controllers\Ajax\Musica.php(21): spl_autoload_call('App\\Models\\Ouve...')
#4 C:\Users\vinic\Documents\facul\Engenharia de Software\MusicAlly\system\CodeIgniter.php(809): App\Controllers\Ajax\Musica->__construct()
#5 C:\Users\vinic\Documents\facul\Engenharia de Software\MusicAlly\system\CodeIgniter.php(410): CodeIgniter\CodeIgniter->createController()
#6 C:\Users\vinic\Documents\facul\Engenharia de Software\MusicAlly\system\CodeIgniter.php(326): CodeIgniter\CodeIgniter->handleRequest(NULL, Object(Config\Cache), false)
#7 C:\Users\vinic\Documents\facul\Engenharia de Software\MusicAlly\public\index.php(37): CodeIgniter\CodeIgniter->run()
#8 C:\Users\vinic\Documents\facul\Engenharia de Software\MusicAlly\system\Commands\Server\rewrite.php(43): require_once('C:\\Users\\vinic\\...')
#9 {main}
CRITICAL - 2022-08-06 10:30:27 --> count(): Parameter must be an array or an object that implements Countable
#0 C:\Users\vinic\Documents\facul\Engenharia de Software\MusicAlly\app\Views\Relatorio\relatorio.php(44): CodeIgniter\Debug\Exceptions->errorHandler(2, 'count(): Parame...', 'C:\\Users\\vinic\\...', 44, Array)
#1 C:\Users\vinic\Documents\facul\Engenharia de Software\MusicAlly\system\View\View.php(210): include('C:\\Users\\vinic\\...')
#2 C:\Users\vinic\Documents\facul\Engenharia de Software\MusicAlly\system\View\View.php(213): CodeIgniter\View\View->CodeIgniter\View\{closure}()
#3 C:\Users\vinic\Documents\facul\Engenharia de Software\MusicAlly\system\Common.php(1089): CodeIgniter\View\View->render('Relatorio/relat...', Array, true)
#4 C:\Users\vinic\Documents\facul\Engenharia de Software\MusicAlly\app\Controllers\Relatorio.php(23): view('Relatorio/relat...', Array)
#5 C:\Users\vinic\Documents\facul\Engenharia de Software\MusicAlly\system\CodeIgniter.php(832): App\Controllers\Relatorio->index()
#6 C:\Users\vinic\Documents\facul\Engenharia de Software\MusicAlly\system\CodeIgniter.php(419): CodeIgniter\CodeIgniter->runController(Object(App\Controllers\Relatorio))
#7 C:\Users\vinic\Documents\facul\Engenharia de Software\MusicAlly\system\CodeIgniter.php(326): CodeIgniter\CodeIgniter->handleRequest(NULL, Object(Config\Cache), false)
#8 C:\Users\vinic\Documents\facul\Engenharia de Software\MusicAlly\public\index.php(37): CodeIgniter\CodeIgniter->run()
#9 C:\Users\vinic\Documents\facul\Engenharia de Software\MusicAlly\system\Commands\Server\rewrite.php(43): require_once('C:\\Users\\vinic\\...')
#10 {main}
ERROR - 2022-08-06 10:37:29 --> Table 'musically.musica' doesn't exist
CRITICAL - 2022-08-06 10:37:29 --> Table 'musically.musica' doesn't exist
#0 C:\Users\vinic\Documents\facul\Engenharia de Software\MusicAlly\system\Database\MySQLi\Connection.php(292): mysqli->query('SELECT `musicas...', 0)
#1 C:\Users\vinic\Documents\facul\Engenharia de Software\MusicAlly\system\Database\BaseConnection.php(670): CodeIgniter\Database\MySQLi\Connection->execute('SELECT `musicas...')
#2 C:\Users\vinic\Documents\facul\Engenharia de Software\MusicAlly\system\Database\BaseConnection.php(598): CodeIgniter\Database\BaseConnection->simpleQuery('SELECT `musicas...')
#3 C:\Users\vinic\Documents\facul\Engenharia de Software\MusicAlly\system\Database\BaseBuilder.php(1455): CodeIgniter\Database\BaseConnection->query('SELECT `musicas...', Array, false)
#4 C:\Users\vinic\Documents\facul\Engenharia de Software\MusicAlly\system\Model.php(728): CodeIgniter\Database\BaseBuilder->get()
#5 C:\Users\vinic\Documents\facul\Engenharia de Software\MusicAlly\app\Models\OuveModel.php(72): CodeIgniter\Model->__call('get', Array)
#6 C:\Users\vinic\Documents\facul\Engenharia de Software\MusicAlly\app\Controllers\Relatorio.php(29): App\Models\OuveModel->musicasOuvidaUsuario('1')
#7 C:\Users\vinic\Documents\facul\Engenharia de Software\MusicAlly\system\CodeIgniter.php(832): App\Controllers\Relatorio->index()
#8 C:\Users\vinic\Documents\facul\Engenharia de Software\MusicAlly\system\CodeIgniter.php(419): CodeIgniter\CodeIgniter->runController(Object(App\Controllers\Relatorio))
#9 C:\Users\vinic\Documents\facul\Engenharia de Software\MusicAlly\system\CodeIgniter.php(326): CodeIgniter\CodeIgniter->handleRequest(NULL, Object(Config\Cache), false)
#10 C:\Users\vinic\Documents\facul\Engenharia de Software\MusicAlly\public\index.php(37): CodeIgniter\CodeIgniter->run()
#11 C:\Users\vinic\Documents\facul\Engenharia de Software\MusicAlly\system\Commands\Server\rewrite.php(43): require_once('C:\\Users\\vinic\\...')
#12 {main}
ERROR - 2022-08-06 10:37:48 --> Unknown column 'usuarios_ouve_musica.reproducoes' in 'field list'
CRITICAL - 2022-08-06 10:37:48 --> Unknown column 'usuarios_ouve_musica.reproducoes' in 'field list'
#0 C:\Users\vinic\Documents\facul\Engenharia de Software\MusicAlly\system\Database\MySQLi\Connection.php(292): mysqli->query('SELECT `musicas...', 0)
#1 C:\Users\vinic\Documents\facul\Engenharia de Software\MusicAlly\system\Database\BaseConnection.php(670): CodeIgniter\Database\MySQLi\Connection->execute('SELECT `musicas...')
#2 C:\Users\vinic\Documents\facul\Engenharia de Software\MusicAlly\system\Database\BaseConnection.php(598): CodeIgniter\Database\BaseConnection->simpleQuery('SELECT `musicas...')
#3 C:\Users\vinic\Documents\facul\Engenharia de Software\MusicAlly\system\Database\BaseBuilder.php(1455): CodeIgniter\Database\BaseConnection->query('SELECT `musicas...', Array, false)
#4 C:\Users\vinic\Documents\facul\Engenharia de Software\MusicAlly\system\Model.php(728): CodeIgniter\Database\BaseBuilder->get()
#5 C:\Users\vinic\Documents\facul\Engenharia de Software\MusicAlly\app\Models\OuveModel.php(72): CodeIgniter\Model->__call('get', Array)
#6 C:\Users\vinic\Documents\facul\Engenharia de Software\MusicAlly\app\Controllers\Relatorio.php(29): App\Models\OuveModel->musicasOuvidaUsuario('1')
#7 C:\Users\vinic\Documents\facul\Engenharia de Software\MusicAlly\system\CodeIgniter.php(832): App\Controllers\Relatorio->index()
#8 C:\Users\vinic\Documents\facul\Engenharia de Software\MusicAlly\system\CodeIgniter.php(419): CodeIgniter\CodeIgniter->runController(Object(App\Controllers\Relatorio))
#9 C:\Users\vinic\Documents\facul\Engenharia de Software\MusicAlly\system\CodeIgniter.php(326): CodeIgniter\CodeIgniter->handleRequest(NULL, Object(Config\Cache), false)
#10 C:\Users\vinic\Documents\facul\Engenharia de Software\MusicAlly\public\index.php(37): CodeIgniter\CodeIgniter->run()
#11 C:\Users\vinic\Documents\facul\Engenharia de Software\MusicAlly\system\Commands\Server\rewrite.php(43): require_once('C:\\Users\\vinic\\...')
#12 {main}
CRITICAL - 2022-08-06 13:09:26 --> Trying to access array offset on value of type null
#0 C:\Users\vinic\Documents\facul\Engenharia de Software\MusicAlly\app\Controllers\Relatorio.php(28): CodeIgniter\Debug\Exceptions->errorHandler(8, 'Trying to acces...', 'C:\\Users\\vinic\\...', 28, Array)
#1 C:\Users\vinic\Documents\facul\Engenharia de Software\MusicAlly\system\CodeIgniter.php(832): App\Controllers\Relatorio->index()
#2 C:\Users\vinic\Documents\facul\Engenharia de Software\MusicAlly\system\CodeIgniter.php(419): CodeIgniter\CodeIgniter->runController(Object(App\Controllers\Relatorio))
#3 C:\Users\vinic\Documents\facul\Engenharia de Software\MusicAlly\system\CodeIgniter.php(326): CodeIgniter\CodeIgniter->handleRequest(NULL, Object(Config\Cache), false)
#4 C:\Users\vinic\Documents\facul\Engenharia de Software\MusicAlly\public\index.php(37): CodeIgniter\CodeIgniter->run()
#5 C:\Users\vinic\Documents\facul\Engenharia de Software\MusicAlly\system\Commands\Server\rewrite.php(43): require_once('C:\\Users\\vinic\\...')
#6 {main}
CRITICAL - 2022-08-06 14:04:36 --> Undefined index: acesso
#0 C:\Users\vinic\Documents\facul\Engenharia de Software\MusicAlly\app\Views\Relatorio\tabela\playlists_table.php(35): CodeIgniter\Debug\Exceptions->errorHandler(8, 'Undefined index...', 'C:\\Users\\vinic\\...', 35, Array)
#1 C:\Users\vinic\Documents\facul\Engenharia de Software\MusicAlly\system\View\View.php(210): include('C:\\Users\\vinic\\...')
#2 C:\Users\vinic\Documents\facul\Engenharia de Software\MusicAlly\system\View\View.php(213): CodeIgniter\View\View->CodeIgniter\View\{closure}()
#3 C:\Users\vinic\Documents\facul\Engenharia de Software\MusicAlly\system\Common.php(1089): CodeIgniter\View\View->render('Relatorio/tabel...', Array, true)
#4 C:\Users\vinic\Documents\facul\Engenharia de Software\MusicAlly\app\Controllers\Ajax\Relatorio.php(32): view('Relatorio/tabel...', Array)
#5 C:\Users\vinic\Documents\facul\Engenharia de Software\MusicAlly\system\CodeIgniter.php(832): App\Controllers\Ajax\Relatorio->relatorioPlaylist('1')
#6 C:\Users\vinic\Documents\facul\Engenharia de Software\MusicAlly\system\CodeIgniter.php(419): CodeIgniter\CodeIgniter->runController(Object(App\Controllers\Ajax\Relatorio))
#7 C:\Users\vinic\Documents\facul\Engenharia de Software\MusicAlly\system\CodeIgniter.php(326): CodeIgniter\CodeIgniter->handleRequest(NULL, Object(Config\Cache), false)
#8 C:\Users\vinic\Documents\facul\Engenharia de Software\MusicAlly\public\index.php(37): CodeIgniter\CodeIgniter->run()
#9 C:\Users\vinic\Documents\facul\Engenharia de Software\MusicAlly\system\Commands\Server\rewrite.php(43): require_once('C:\\Users\\vinic\\...')
#10 {main}
CRITICAL - 2022-08-06 14:04:37 --> Undefined index: acesso
#0 C:\Users\vinic\Documents\facul\Engenharia de Software\MusicAlly\app\Views\Relatorio\tabela\playlists_table.php(35): CodeIgniter\Debug\Exceptions->errorHandler(8, 'Undefined index...', 'C:\\Users\\vinic\\...', 35, Array)
#1 C:\Users\vinic\Documents\facul\Engenharia de Software\MusicAlly\system\View\View.php(210): include('C:\\Users\\vinic\\...')
#2 C:\Users\vinic\Documents\facul\Engenharia de Software\MusicAlly\system\View\View.php(213): CodeIgniter\View\View->CodeIgniter\View\{closure}()
#3 C:\Users\vinic\Documents\facul\Engenharia de Software\MusicAlly\system\Common.php(1089): CodeIgniter\View\View->render('Relatorio/tabel...', Array, true)
#4 C:\Users\vinic\Documents\facul\Engenharia de Software\MusicAlly\app\Controllers\Ajax\Relatorio.php(32): view('Relatorio/tabel...', Array)
#5 C:\Users\vinic\Documents\facul\Engenharia de Software\MusicAlly\system\CodeIgniter.php(832): App\Controllers\Ajax\Relatorio->relatorioPlaylist('1')
#6 C:\Users\vinic\Documents\facul\Engenharia de Software\MusicAlly\system\CodeIgniter.php(419): CodeIgniter\CodeIgniter->runController(Object(App\Controllers\Ajax\Relatorio))
#7 C:\Users\vinic\Documents\facul\Engenharia de Software\MusicAlly\system\CodeIgniter.php(326): CodeIgniter\CodeIgniter->handleRequest(NULL, Object(Config\Cache), false)
#8 C:\Users\vinic\Documents\facul\Engenharia de Software\MusicAlly\public\index.php(37): CodeIgniter\CodeIgniter->run()
#9 C:\Users\vinic\Documents\facul\Engenharia de Software\MusicAlly\system\Commands\Server\rewrite.php(43): require_once('C:\\Users\\vinic\\...')
#10 {main}
CRITICAL - 2022-08-06 17:11:35 --> Trying to access array offset on value of type null
#0 C:\Users\vinic\Documents\facul\Engenharia de Software\MusicAlly\app\Controllers\Relatorio.php(28): CodeIgniter\Debug\Exceptions->errorHandler(8, 'Trying to acces...', 'C:\\Users\\vinic\\...', 28, Array)
#1 C:\Users\vinic\Documents\facul\Engenharia de Software\MusicAlly\system\CodeIgniter.php(832): App\Controllers\Relatorio->index()
#2 C:\Users\vinic\Documents\facul\Engenharia de Software\MusicAlly\system\CodeIgniter.php(419): CodeIgniter\CodeIgniter->runController(Object(App\Controllers\Relatorio))
#3 C:\Users\vinic\Documents\facul\Engenharia de Software\MusicAlly\system\CodeIgniter.php(326): CodeIgniter\CodeIgniter->handleRequest(NULL, Object(Config\Cache), false)
#4 C:\Users\vinic\Documents\facul\Engenharia de Software\MusicAlly\public\index.php(37): CodeIgniter\CodeIgniter->run()
#5 C:\Users\vinic\Documents\facul\Engenharia de Software\MusicAlly\system\Commands\Server\rewrite.php(43): require_once('C:\\Users\\vinic\\...')
#6 {main}
CRITICAL - 2022-08-06 17:13:00 --> Undefined index: id
#0 C:\Users\vinic\Documents\facul\Engenharia de Software\MusicAlly\app\Views\Relatorio\relatorio.php(115): CodeIgniter\Debug\Exceptions->errorHandler(8, 'Undefined index...', 'C:\\Users\\vinic\\...', 115, Array)
#1 C:\Users\vinic\Documents\facul\Engenharia de Software\MusicAlly\system\View\View.php(210): include('C:\\Users\\vinic\\...')
#2 C:\Users\vinic\Documents\facul\Engenharia de Software\MusicAlly\system\View\View.php(213): CodeIgniter\View\View->CodeIgniter\View\{closure}()
#3 C:\Users\vinic\Documents\facul\Engenharia de Software\MusicAlly\system\Common.php(1089): CodeIgniter\View\View->render('Relatorio/relat...', Array, true)
#4 C:\Users\vinic\Documents\facul\Engenharia de Software\MusicAlly\app\Controllers\Relatorio.php(27): view('Relatorio/relat...', Array)
#5 C:\Users\vinic\Documents\facul\Engenharia de Software\MusicAlly\system\CodeIgniter.php(832): App\Controllers\Relatorio->index()
#6 C:\Users\vinic\Documents\facul\Engenharia de Software\MusicAlly\system\CodeIgniter.php(419): CodeIgniter\CodeIgniter->runController(Object(App\Controllers\Relatorio))
#7 C:\Users\vinic\Documents\facul\Engenharia de Software\MusicAlly\system\CodeIgniter.php(326): CodeIgniter\CodeIgniter->handleRequest(NULL, Object(Config\Cache), false)
#8 C:\Users\vinic\Documents\facul\Engenharia de Software\MusicAlly\public\index.php(37): CodeIgniter\CodeIgniter->run()
#9 C:\Users\vinic\Documents\facul\Engenharia de Software\MusicAlly\system\Commands\Server\rewrite.php(43): require_once('C:\\Users\\vinic\\...')
#10 {main}
CRITICAL - 2022-08-06 17:29:33 --> Array to string conversion
#0 C:\Users\vinic\Documents\facul\Engenharia de Software\MusicAlly\app\Views\Relatorio\tabela\musica_table.php(9): CodeIgniter\Debug\Exceptions->errorHandler(8, 'Array to string...', 'C:\\Users\\vinic\\...', 9, Array)
#1 C:\Users\vinic\Documents\facul\Engenharia de Software\MusicAlly\system\View\View.php(210): include('C:\\Users\\vinic\\...')
#2 C:\Users\vinic\Documents\facul\Engenharia de Software\MusicAlly\system\View\View.php(213): CodeIgniter\View\View->CodeIgniter\View\{closure}()
#3 C:\Users\vinic\Documents\facul\Engenharia de Software\MusicAlly\system\Common.php(1089): CodeIgniter\View\View->render('Relatorio/tabel...', Array, true)
#4 C:\Users\vinic\Documents\facul\Engenharia de Software\MusicAlly\app\Controllers\Ajax\Relatorio.php(39): view('Relatorio/tabel...', Array)
#5 C:\Users\vinic\Documents\facul\Engenharia de Software\MusicAlly\system\CodeIgniter.php(832): App\Controllers\Ajax\Relatorio->relatorioMusica('1')
#6 C:\Users\vinic\Documents\facul\Engenharia de Software\MusicAlly\system\CodeIgniter.php(419): CodeIgniter\CodeIgniter->runController(Object(App\Controllers\Ajax\Relatorio))
#7 C:\Users\vinic\Documents\facul\Engenharia de Software\MusicAlly\system\CodeIgniter.php(326): CodeIgniter\CodeIgniter->handleRequest(NULL, Object(Config\Cache), false)
#8 C:\Users\vinic\Documents\facul\Engenharia de Software\MusicAlly\public\index.php(37): CodeIgniter\CodeIgniter->run()
#9 C:\Users\vinic\Documents\facul\Engenharia de Software\MusicAlly\system\Commands\Server\rewrite.php(43): require_once('C:\\Users\\vinic\\...')
#10 {main}
CRITICAL - 2022-08-06 17:29:42 --> Array to string conversion
#0 C:\Users\vinic\Documents\facul\Engenharia de Software\MusicAlly\app\Views\Relatorio\tabela\musica_table.php(9): CodeIgniter\Debug\Exceptions->errorHandler(8, 'Array to string...', 'C:\\Users\\vinic\\...', 9, Array)
#1 C:\Users\vinic\Documents\facul\Engenharia de Software\MusicAlly\system\View\View.php(210): include('C:\\Users\\vinic\\...')
#2 C:\Users\vinic\Documents\facul\Engenharia de Software\MusicAlly\system\View\View.php(213): CodeIgniter\View\View->CodeIgniter\View\{closure}()
#3 C:\Users\vinic\Documents\facul\Engenharia de Software\MusicAlly\system\Common.php(1089): CodeIgniter\View\View->render('Relatorio/tabel...', Array, true)
#4 C:\Users\vinic\Documents\facul\Engenharia de Software\MusicAlly\app\Controllers\Ajax\Relatorio.php(39): view('Relatorio/tabel...', Array)
#5 C:\Users\vinic\Documents\facul\Engenharia de Software\MusicAlly\system\CodeIgniter.php(832): App\Controllers\Ajax\Relatorio->relatorioMusica('1')
#6 C:\Users\vinic\Documents\facul\Engenharia de Software\MusicAlly\system\CodeIgniter.php(419): CodeIgniter\CodeIgniter->runController(Object(App\Controllers\Ajax\Relatorio))
#7 C:\Users\vinic\Documents\facul\Engenharia de Software\MusicAlly\system\CodeIgniter.php(326): CodeIgniter\CodeIgniter->handleRequest(NULL, Object(Config\Cache), false)
#8 C:\Users\vinic\Documents\facul\Engenharia de Software\MusicAlly\public\index.php(37): CodeIgniter\CodeIgniter->run()
#9 C:\Users\vinic\Documents\facul\Engenharia de Software\MusicAlly\system\Commands\Server\rewrite.php(43): require_once('C:\\Users\\vinic\\...')
#10 {main}
CRITICAL - 2022-08-06 18:45:31 --> Undefined variable: playlist
#0 C:\Users\vinic\Documents\facul\Engenharia de Software\MusicAlly\app\Views\dashboard\dashboard.php(118): CodeIgniter\Debug\Exceptions->errorHandler(8, 'Undefined varia...', 'C:\\Users\\vinic\\...', 118, Array)
#1 C:\Users\vinic\Documents\facul\Engenharia de Software\MusicAlly\system\View\View.php(210): include('C:\\Users\\vinic\\...')
#2 C:\Users\vinic\Documents\facul\Engenharia de Software\MusicAlly\system\View\View.php(213): CodeIgniter\View\View->CodeIgniter\View\{closure}()
#3 C:\Users\vinic\Documents\facul\Engenharia de Software\MusicAlly\system\Common.php(1089): CodeIgniter\View\View->render('dashboard/dashb...', Array, true)
#4 C:\Users\vinic\Documents\facul\Engenharia de Software\MusicAlly\app\Controllers\Dashboard.php(25): view('dashboard/dashb...', Array)
#5 C:\Users\vinic\Documents\facul\Engenharia de Software\MusicAlly\system\CodeIgniter.php(832): App\Controllers\Dashboard->index()
#6 C:\Users\vinic\Documents\facul\Engenharia de Software\MusicAlly\system\CodeIgniter.php(419): CodeIgniter\CodeIgniter->runController(Object(App\Controllers\Dashboard))
#7 C:\Users\vinic\Documents\facul\Engenharia de Software\MusicAlly\system\CodeIgniter.php(326): CodeIgniter\CodeIgniter->handleRequest(NULL, Object(Config\Cache), false)
#8 C:\Users\vinic\Documents\facul\Engenharia de Software\MusicAlly\public\index.php(37): CodeIgniter\CodeIgniter->run()
#9 C:\Users\vinic\Documents\facul\Engenharia de Software\MusicAlly\system\Commands\Server\rewrite.php(43): require_once('C:\\Users\\vinic\\...')
#10 {main}
CRITICAL - 2022-08-06 18:45:51 --> Trying to access array offset on value of type null
#0 C:\Users\vinic\Documents\facul\Engenharia de Software\MusicAlly\app\Views\dashboard\dashboard.php(118): CodeIgniter\Debug\Exceptions->errorHandler(8, 'Trying to acces...', 'C:\\Users\\vinic\\...', 118, Array)
#1 C:\Users\vinic\Documents\facul\Engenharia de Software\MusicAlly\system\View\View.php(210): include('C:\\Users\\vinic\\...')
#2 C:\Users\vinic\Documents\facul\Engenharia de Software\MusicAlly\system\View\View.php(213): CodeIgniter\View\View->CodeIgniter\View\{closure}()
#3 C:\Users\vinic\Documents\facul\Engenharia de Software\MusicAlly\system\Common.php(1089): CodeIgniter\View\View->render('dashboard/dashb...', Array, true)
#4 C:\Users\vinic\Documents\facul\Engenharia de Software\MusicAlly\app\Controllers\Dashboard.php(25): view('dashboard/dashb...', Array)
#5 C:\Users\vinic\Documents\facul\Engenharia de Software\MusicAlly\system\CodeIgniter.php(832): App\Controllers\Dashboard->index()
#6 C:\Users\vinic\Documents\facul\Engenharia de Software\MusicAlly\system\CodeIgniter.php(419): CodeIgniter\CodeIgniter->runController(Object(App\Controllers\Dashboard))
#7 C:\Users\vinic\Documents\facul\Engenharia de Software\MusicAlly\system\CodeIgniter.php(326): CodeIgniter\CodeIgniter->handleRequest(NULL, Object(Config\Cache), false)
#8 C:\Users\vinic\Documents\facul\Engenharia de Software\MusicAlly\public\index.php(37): CodeIgniter\CodeIgniter->run()
#9 C:\Users\vinic\Documents\facul\Engenharia de Software\MusicAlly\system\Commands\Server\rewrite.php(43): require_once('C:\\Users\\vinic\\...')
#10 {main}
CRITICAL - 2022-08-06 19:53:43 --> syntax error, unexpected 'if' (T_IF)
#0 C:\Users\vinic\Documents\facul\Engenharia de Software\MusicAlly\system\CodeIgniter.php(368): CodeIgniter\CodeIgniter->tryToRouteIt(NULL)
#1 C:\Users\vinic\Documents\facul\Engenharia de Software\MusicAlly\system\CodeIgniter.php(326): CodeIgniter\CodeIgniter->handleRequest(NULL, Object(Config\Cache), false)
#2 C:\Users\vinic\Documents\facul\Engenharia de Software\MusicAlly\public\index.php(37): CodeIgniter\CodeIgniter->run()
#3 C:\Users\vinic\Documents\facul\Engenharia de Software\MusicAlly\system\Commands\Server\rewrite.php(43): require_once('C:\\Users\\vinic\\...')
#4 {main}
